=== End-to-End Model Reference Test ===

  forward loss cpu=1.94580143 gpu=1.94580150 abs_err=6.333e-08 PASS
  logits max_abs_err=2.535e-08 PASS
  grad idx    3 numeric= 3.744948e-03 analytic= 3.744993e-03 abs=4.489e-08 rel=5.993e-06
  grad idx   63 numeric= 0.000000e+00 analytic= 0.000000e+00 abs=0.000e+00 rel=0.000e+00
  grad idx  203 numeric= 0.000000e+00 analytic= 0.000000e+00 abs=0.000e+00 rel=0.000e+00
  grad idx  357 numeric=-3.103568e-06 analytic=-3.103559e-06 abs=8.465e-12 rel=1.364e-06
  grad idx  425 numeric= 4.440892e-13 analytic= 6.084749e-13 abs=1.644e-13 rel=8.009e-02
  grad idx  557 numeric=-6.094397e-07 analytic=-6.094390e-07 abs=7.363e-13 rel=6.041e-07
  grad idx  633 numeric=-1.354092e-03 analytic=-1.354089e-03 abs=3.335e-09 rel=1.231e-06
  grad idx  682 numeric=-3.748085e-03 analytic=-3.748085e-03 abs=2.918e-10 rel=3.892e-08
  gradient finite-difference max_abs=4.489e-08 max_rel=8.009e-02 PASS
  adam first-step clip_scale=1.000000 max_update_err=1.812e-09 PASS

=== MODEL REFERENCE TEST PASSED ===
=== End-to-End Model Reference Test ===

  forward loss cpu=1.94580143 gpu=1.94580150 abs_err=6.333e-08 PASS
  logits max_abs_err=5.205e-08 PASS
  grad idx    3 numeric= 3.744948e-03 analytic= 3.745001e-03 abs=5.304e-08 rel=7.081e-06
  grad idx   63 numeric= 0.000000e+00 analytic= 0.000000e+00 abs=0.000e+00 rel=0.000e+00
  grad idx  203 numeric= 0.000000e+00 analytic= 0.000000e+00 abs=0.000e+00 rel=0.000e+00
  grad idx  357 numeric=-3.103568e-06 analytic=-3.103548e-06 abs=2.006e-11 rel=3.232e-06
  grad idx  425 numeric= 4.440892e-13 analytic= 6.084737e-13 abs=1.644e-13 rel=8.009e-02
  grad idx  557 numeric=-6.094397e-07 analytic=-6.094376e-07 abs=2.101e-12 rel=1.723e-06
  grad idx  633 numeric=-1.354092e-03 analytic=-1.354086e-03 abs=6.361e-09 rel=2.349e-06
  grad idx  682 numeric=-3.748085e-03 analytic=-3.748077e-03 abs=8.674e-09 rel=1.157e-06
  gradient finite-difference max_abs=5.304e-08 max_rel=8.009e-02 PASS
  adam first-step clip_scale=1.000000 max_update_err=1.812e-09 PASS

=== MODEL REFERENCE TEST PASSED ===
