=== Environment ===
hpcc-gpu-5-1
0, Quadro RTX 6000, 23040 MiB
1, Quadro RTX 6000, 23040 MiB
2, Quadro RTX 6000, 23040 MiB
3, Quadro RTX 6000, 23040 MiB
=== GPU state: start ===
index, name, temperature.gpu, clocks.current.sm [MHz], clocks.current.memory [MHz], power.draw [W], utilization.gpu [%], memory.used [MiB]
0, Quadro RTX 6000, 39, 300 MHz, 405 MHz, 31.75 W, 0 %, 0 MiB
1, Quadro RTX 6000, 46, 300 MHz, 405 MHz, 30.55 W, 0 %, 0 MiB
2, Quadro RTX 6000, 39, 300 MHz, 405 MHz, 21.03 W, 0 %, 0 MiB
3, Quadro RTX 6000, 36, 300 MHz, 405 MHz, 29.17 W, 0 %, 0 MiB
hidden=256
local_batch=32
steps=50
repeats=5
rank_list=1 2 4
modes=openmp_thread
bucket_kb=1024
lr=1e-4
gemm_backend=auto
case_timeout_sec=75
=== Build hidden=256 local_batch=32 ===
mkdir -p build_weak_h256_88902
nvcc -arch=sm_75 -std=c++17 -O2 -Iinclude --default-stream per-thread -I/home/cme213/software/nvidia-hpc-sdk/2024_24.1/Linux_x86_64/24.1/math_libs/12.3/targets/x86_64-linux/include  -DHIDDEN_DIM=256 -DFF_DIM=1024 -DHEAD_DIM=64 -DBATCH_SIZE=32 -c src/kernels/gemm.cu -o build_weak_h256_88902/kernels/gemm.o
nvcc -arch=sm_75 -std=c++17 -O2 -Iinclude --default-stream per-thread -I/home/cme213/software/nvidia-hpc-sdk/2024_24.1/Linux_x86_64/24.1/math_libs/12.3/targets/x86_64-linux/include  -DHIDDEN_DIM=256 -DFF_DIM=1024 -DHEAD_DIM=64 -DBATCH_SIZE=32 -c src/kernels/attention.cu -o build_weak_h256_88902/kernels/attention.o
nvcc -arch=sm_75 -std=c++17 -O2 -Iinclude --default-stream per-thread -I/home/cme213/software/nvidia-hpc-sdk/2024_24.1/Linux_x86_64/24.1/math_libs/12.3/targets/x86_64-linux/include  -DHIDDEN_DIM=256 -DFF_DIM=1024 -DHEAD_DIM=64 -DBATCH_SIZE=32 -c src/kernels/layernorm.cu -o build_weak_h256_88902/kernels/layernorm.o
nvcc -arch=sm_75 -std=c++17 -O2 -Iinclude --default-stream per-thread -I/home/cme213/software/nvidia-hpc-sdk/2024_24.1/Linux_x86_64/24.1/math_libs/12.3/targets/x86_64-linux/include  -DHIDDEN_DIM=256 -DFF_DIM=1024 -DHEAD_DIM=64 -DBATCH_SIZE=32 -c src/kernels/activations.cu -o build_weak_h256_88902/kernels/activations.o
nvcc -arch=sm_75 -std=c++17 -O2 -Iinclude --default-stream per-thread -I/home/cme213/software/nvidia-hpc-sdk/2024_24.1/Linux_x86_64/24.1/math_libs/12.3/targets/x86_64-linux/include  -DHIDDEN_DIM=256 -DFF_DIM=1024 -DHEAD_DIM=64 -DBATCH_SIZE=32 -c src/kernels/embedding.cu -o build_weak_h256_88902/kernels/embedding.o
nvcc -arch=sm_75 -std=c++17 -O2 -Iinclude --default-stream per-thread -I/home/cme213/software/nvidia-hpc-sdk/2024_24.1/Linux_x86_64/24.1/math_libs/12.3/targets/x86_64-linux/include  -DHIDDEN_DIM=256 -DFF_DIM=1024 -DHEAD_DIM=64 -DBATCH_SIZE=32 -c src/model/transformer.cu -o build_weak_h256_88902/model/transformer.o
nvcc -arch=sm_75 -std=c++17 -O2 -Iinclude --default-stream per-thread -I/home/cme213/software/nvidia-hpc-sdk/2024_24.1/Linux_x86_64/24.1/math_libs/12.3/targets/x86_64-linux/include  -DHIDDEN_DIM=256 -DFF_DIM=1024 -DHEAD_DIM=64 -DBATCH_SIZE=32 -c src/main.cu -o build_weak_h256_88902/main.o
nvcc -arch=sm_75 -std=c++17 -O2 -Iinclude --default-stream per-thread -I/home/cme213/software/nvidia-hpc-sdk/2024_24.1/Linux_x86_64/24.1/math_libs/12.3/targets/x86_64-linux/include  -DHIDDEN_DIM=256 -DFF_DIM=1024 -DHEAD_DIM=64 -DBATCH_SIZE=32 -x cu -c src/data/dataset.cpp -o build_weak_h256_88902/data/dataset.o
nvcc -arch=sm_75 -std=c++17 -O2 -Iinclude --default-stream per-thread -I/home/cme213/software/nvidia-hpc-sdk/2024_24.1/Linux_x86_64/24.1/math_libs/12.3/targets/x86_64-linux/include  -DHIDDEN_DIM=256 -DFF_DIM=1024 -DHEAD_DIM=64 -DBATCH_SIZE=32 -x cu -c src/model/distributed.cpp -o build_weak_h256_88902/model/distributed.o
nvcc -arch=sm_75 -std=c++17 -O2 -Iinclude --default-stream per-thread -I/home/cme213/software/nvidia-hpc-sdk/2024_24.1/Linux_x86_64/24.1/math_libs/12.3/targets/x86_64-linux/include  -DHIDDEN_DIM=256 -DFF_DIM=1024 -DHEAD_DIM=64 -DBATCH_SIZE=32 -o build_weak_h256_88902/train build_weak_h256_88902/kernels/gemm.o build_weak_h256_88902/kernels/attention.o build_weak_h256_88902/kernels/layernorm.o build_weak_h256_88902/kernels/activations.o build_weak_h256_88902/kernels/embedding.o build_weak_h256_88902/model/transformer.o build_weak_h256_88902/main.o build_weak_h256_88902/data/dataset.o build_weak_h256_88902/model/distributed.o -L/home/cme213/software/nvidia-hpc-sdk/2024_24.1/Linux_x86_64/24.1/math_libs/12.3/targets/x86_64-linux/lib -Xlinker -rpath=/home/cme213/software/nvidia-hpc-sdk/2024_24.1/Linux_x86_64/24.1/math_libs/12.3/targets/x86_64-linux/lib -lcublas -lcublasLt 
mkdir -p build_mpi_weak_h256_88902
nvcc -arch=sm_75 -std=c++17 -O2 -Iinclude --default-stream per-thread -I/home/cme213/software/nvidia-hpc-sdk/2024_24.1/Linux_x86_64/24.1/math_libs/12.3/targets/x86_64-linux/include  -DHIDDEN_DIM=256 -DFF_DIM=1024 -DHEAD_DIM=64 -DBATCH_SIZE=32 -DUSE_MPI -I/home/cme213/software/nvidia-hpc-sdk/2024_24.1/Linux_x86_64/24.1/comm_libs/12.3/hpcx/hpcx-2.17.1/ompi/include -I/home/cme213/software/nvidia-hpc-sdk/2024_24.1/Linux_x86_64/24.1/comm_libs/12.3/hpcx/hpcx-2.17.1/ompi/include/openmpi -I/home/cme213/software/nvidia-hpc-sdk/2024_24.1/Linux_x86_64/24.1/comm_libs/12.3/hpcx/hpcx-2.17.1/ompi/include/openmpi/opal/mca/hwloc/hwloc201/hwloc/include -I/home/cme213/software/nvidia-hpc-sdk/2024_24.1/Linux_x86_64/24.1/comm_libs/12.3/hpcx/hpcx-2.17.1/ompi/include/openmpi/opal/mca/event/libevent2022/libevent -I/home/cme213/software/nvidia-hpc-sdk/2024_24.1/Linux_x86_64/24.1/comm_libs/12.3/hpcx/hpcx-2.17.1/ompi/include/openmpi/opal/mca/event/libevent2022/libevent/include -Xcompiler -pthread -Xcompiler -fopenmp -DUSE_NCCL -I/home/cme213/software/nvidia-hpc-sdk/2024_24.1/Linux_x86_64/24.1/comm_libs/12.3/nccl/include -c src/kernels/gemm.cu -o build_mpi_weak_h256_88902/kernels/gemm.o
nvcc -arch=sm_75 -std=c++17 -O2 -Iinclude --default-stream per-thread -I/home/cme213/software/nvidia-hpc-sdk/2024_24.1/Linux_x86_64/24.1/math_libs/12.3/targets/x86_64-linux/include  -DHIDDEN_DIM=256 -DFF_DIM=1024 -DHEAD_DIM=64 -DBATCH_SIZE=32 -DUSE_MPI -I/home/cme213/software/nvidia-hpc-sdk/2024_24.1/Linux_x86_64/24.1/comm_libs/12.3/hpcx/hpcx-2.17.1/ompi/include -I/home/cme213/software/nvidia-hpc-sdk/2024_24.1/Linux_x86_64/24.1/comm_libs/12.3/hpcx/hpcx-2.17.1/ompi/include/openmpi -I/home/cme213/software/nvidia-hpc-sdk/2024_24.1/Linux_x86_64/24.1/comm_libs/12.3/hpcx/hpcx-2.17.1/ompi/include/openmpi/opal/mca/hwloc/hwloc201/hwloc/include -I/home/cme213/software/nvidia-hpc-sdk/2024_24.1/Linux_x86_64/24.1/comm_libs/12.3/hpcx/hpcx-2.17.1/ompi/include/openmpi/opal/mca/event/libevent2022/libevent -I/home/cme213/software/nvidia-hpc-sdk/2024_24.1/Linux_x86_64/24.1/comm_libs/12.3/hpcx/hpcx-2.17.1/ompi/include/openmpi/opal/mca/event/libevent2022/libevent/include -Xcompiler -pthread -Xcompiler -fopenmp -DUSE_NCCL -I/home/cme213/software/nvidia-hpc-sdk/2024_24.1/Linux_x86_64/24.1/comm_libs/12.3/nccl/include -c src/kernels/attention.cu -o build_mpi_weak_h256_88902/kernels/attention.o
nvcc -arch=sm_75 -std=c++17 -O2 -Iinclude --default-stream per-thread -I/home/cme213/software/nvidia-hpc-sdk/2024_24.1/Linux_x86_64/24.1/math_libs/12.3/targets/x86_64-linux/include  -DHIDDEN_DIM=256 -DFF_DIM=1024 -DHEAD_DIM=64 -DBATCH_SIZE=32 -DUSE_MPI -I/home/cme213/software/nvidia-hpc-sdk/2024_24.1/Linux_x86_64/24.1/comm_libs/12.3/hpcx/hpcx-2.17.1/ompi/include -I/home/cme213/software/nvidia-hpc-sdk/2024_24.1/Linux_x86_64/24.1/comm_libs/12.3/hpcx/hpcx-2.17.1/ompi/include/openmpi -I/home/cme213/software/nvidia-hpc-sdk/2024_24.1/Linux_x86_64/24.1/comm_libs/12.3/hpcx/hpcx-2.17.1/ompi/include/openmpi/opal/mca/hwloc/hwloc201/hwloc/include -I/home/cme213/software/nvidia-hpc-sdk/2024_24.1/Linux_x86_64/24.1/comm_libs/12.3/hpcx/hpcx-2.17.1/ompi/include/openmpi/opal/mca/event/libevent2022/libevent -I/home/cme213/software/nvidia-hpc-sdk/2024_24.1/Linux_x86_64/24.1/comm_libs/12.3/hpcx/hpcx-2.17.1/ompi/include/openmpi/opal/mca/event/libevent2022/libevent/include -Xcompiler -pthread -Xcompiler -fopenmp -DUSE_NCCL -I/home/cme213/software/nvidia-hpc-sdk/2024_24.1/Linux_x86_64/24.1/comm_libs/12.3/nccl/include -c src/kernels/layernorm.cu -o build_mpi_weak_h256_88902/kernels/layernorm.o
nvcc -arch=sm_75 -std=c++17 -O2 -Iinclude --default-stream per-thread -I/home/cme213/software/nvidia-hpc-sdk/2024_24.1/Linux_x86_64/24.1/math_libs/12.3/targets/x86_64-linux/include  -DHIDDEN_DIM=256 -DFF_DIM=1024 -DHEAD_DIM=64 -DBATCH_SIZE=32 -DUSE_MPI -I/home/cme213/software/nvidia-hpc-sdk/2024_24.1/Linux_x86_64/24.1/comm_libs/12.3/hpcx/hpcx-2.17.1/ompi/include -I/home/cme213/software/nvidia-hpc-sdk/2024_24.1/Linux_x86_64/24.1/comm_libs/12.3/hpcx/hpcx-2.17.1/ompi/include/openmpi -I/home/cme213/software/nvidia-hpc-sdk/2024_24.1/Linux_x86_64/24.1/comm_libs/12.3/hpcx/hpcx-2.17.1/ompi/include/openmpi/opal/mca/hwloc/hwloc201/hwloc/include -I/home/cme213/software/nvidia-hpc-sdk/2024_24.1/Linux_x86_64/24.1/comm_libs/12.3/hpcx/hpcx-2.17.1/ompi/include/openmpi/opal/mca/event/libevent2022/libevent -I/home/cme213/software/nvidia-hpc-sdk/2024_24.1/Linux_x86_64/24.1/comm_libs/12.3/hpcx/hpcx-2.17.1/ompi/include/openmpi/opal/mca/event/libevent2022/libevent/include -Xcompiler -pthread -Xcompiler -fopenmp -DUSE_NCCL -I/home/cme213/software/nvidia-hpc-sdk/2024_24.1/Linux_x86_64/24.1/comm_libs/12.3/nccl/include -c src/kernels/activations.cu -o build_mpi_weak_h256_88902/kernels/activations.o
nvcc -arch=sm_75 -std=c++17 -O2 -Iinclude --default-stream per-thread -I/home/cme213/software/nvidia-hpc-sdk/2024_24.1/Linux_x86_64/24.1/math_libs/12.3/targets/x86_64-linux/include  -DHIDDEN_DIM=256 -DFF_DIM=1024 -DHEAD_DIM=64 -DBATCH_SIZE=32 -DUSE_MPI -I/home/cme213/software/nvidia-hpc-sdk/2024_24.1/Linux_x86_64/24.1/comm_libs/12.3/hpcx/hpcx-2.17.1/ompi/include -I/home/cme213/software/nvidia-hpc-sdk/2024_24.1/Linux_x86_64/24.1/comm_libs/12.3/hpcx/hpcx-2.17.1/ompi/include/openmpi -I/home/cme213/software/nvidia-hpc-sdk/2024_24.1/Linux_x86_64/24.1/comm_libs/12.3/hpcx/hpcx-2.17.1/ompi/include/openmpi/opal/mca/hwloc/hwloc201/hwloc/include -I/home/cme213/software/nvidia-hpc-sdk/2024_24.1/Linux_x86_64/24.1/comm_libs/12.3/hpcx/hpcx-2.17.1/ompi/include/openmpi/opal/mca/event/libevent2022/libevent -I/home/cme213/software/nvidia-hpc-sdk/2024_24.1/Linux_x86_64/24.1/comm_libs/12.3/hpcx/hpcx-2.17.1/ompi/include/openmpi/opal/mca/event/libevent2022/libevent/include -Xcompiler -pthread -Xcompiler -fopenmp -DUSE_NCCL -I/home/cme213/software/nvidia-hpc-sdk/2024_24.1/Linux_x86_64/24.1/comm_libs/12.3/nccl/include -c src/kernels/embedding.cu -o build_mpi_weak_h256_88902/kernels/embedding.o
nvcc -arch=sm_75 -std=c++17 -O2 -Iinclude --default-stream per-thread -I/home/cme213/software/nvidia-hpc-sdk/2024_24.1/Linux_x86_64/24.1/math_libs/12.3/targets/x86_64-linux/include  -DHIDDEN_DIM=256 -DFF_DIM=1024 -DHEAD_DIM=64 -DBATCH_SIZE=32 -DUSE_MPI -I/home/cme213/software/nvidia-hpc-sdk/2024_24.1/Linux_x86_64/24.1/comm_libs/12.3/hpcx/hpcx-2.17.1/ompi/include -I/home/cme213/software/nvidia-hpc-sdk/2024_24.1/Linux_x86_64/24.1/comm_libs/12.3/hpcx/hpcx-2.17.1/ompi/include/openmpi -I/home/cme213/software/nvidia-hpc-sdk/2024_24.1/Linux_x86_64/24.1/comm_libs/12.3/hpcx/hpcx-2.17.1/ompi/include/openmpi/opal/mca/hwloc/hwloc201/hwloc/include -I/home/cme213/software/nvidia-hpc-sdk/2024_24.1/Linux_x86_64/24.1/comm_libs/12.3/hpcx/hpcx-2.17.1/ompi/include/openmpi/opal/mca/event/libevent2022/libevent -I/home/cme213/software/nvidia-hpc-sdk/2024_24.1/Linux_x86_64/24.1/comm_libs/12.3/hpcx/hpcx-2.17.1/ompi/include/openmpi/opal/mca/event/libevent2022/libevent/include -Xcompiler -pthread -Xcompiler -fopenmp -DUSE_NCCL -I/home/cme213/software/nvidia-hpc-sdk/2024_24.1/Linux_x86_64/24.1/comm_libs/12.3/nccl/include -c src/model/transformer.cu -o build_mpi_weak_h256_88902/model/transformer.o
nvcc -arch=sm_75 -std=c++17 -O2 -Iinclude --default-stream per-thread -I/home/cme213/software/nvidia-hpc-sdk/2024_24.1/Linux_x86_64/24.1/math_libs/12.3/targets/x86_64-linux/include  -DHIDDEN_DIM=256 -DFF_DIM=1024 -DHEAD_DIM=64 -DBATCH_SIZE=32 -DUSE_MPI -I/home/cme213/software/nvidia-hpc-sdk/2024_24.1/Linux_x86_64/24.1/comm_libs/12.3/hpcx/hpcx-2.17.1/ompi/include -I/home/cme213/software/nvidia-hpc-sdk/2024_24.1/Linux_x86_64/24.1/comm_libs/12.3/hpcx/hpcx-2.17.1/ompi/include/openmpi -I/home/cme213/software/nvidia-hpc-sdk/2024_24.1/Linux_x86_64/24.1/comm_libs/12.3/hpcx/hpcx-2.17.1/ompi/include/openmpi/opal/mca/hwloc/hwloc201/hwloc/include -I/home/cme213/software/nvidia-hpc-sdk/2024_24.1/Linux_x86_64/24.1/comm_libs/12.3/hpcx/hpcx-2.17.1/ompi/include/openmpi/opal/mca/event/libevent2022/libevent -I/home/cme213/software/nvidia-hpc-sdk/2024_24.1/Linux_x86_64/24.1/comm_libs/12.3/hpcx/hpcx-2.17.1/ompi/include/openmpi/opal/mca/event/libevent2022/libevent/include -Xcompiler -pthread -Xcompiler -fopenmp -DUSE_NCCL -I/home/cme213/software/nvidia-hpc-sdk/2024_24.1/Linux_x86_64/24.1/comm_libs/12.3/nccl/include -c src/main.cu -o build_mpi_weak_h256_88902/main.o
nvcc -arch=sm_75 -std=c++17 -O2 -Iinclude --default-stream per-thread -I/home/cme213/software/nvidia-hpc-sdk/2024_24.1/Linux_x86_64/24.1/math_libs/12.3/targets/x86_64-linux/include  -DHIDDEN_DIM=256 -DFF_DIM=1024 -DHEAD_DIM=64 -DBATCH_SIZE=32 -DUSE_MPI -I/home/cme213/software/nvidia-hpc-sdk/2024_24.1/Linux_x86_64/24.1/comm_libs/12.3/hpcx/hpcx-2.17.1/ompi/include -I/home/cme213/software/nvidia-hpc-sdk/2024_24.1/Linux_x86_64/24.1/comm_libs/12.3/hpcx/hpcx-2.17.1/ompi/include/openmpi -I/home/cme213/software/nvidia-hpc-sdk/2024_24.1/Linux_x86_64/24.1/comm_libs/12.3/hpcx/hpcx-2.17.1/ompi/include/openmpi/opal/mca/hwloc/hwloc201/hwloc/include -I/home/cme213/software/nvidia-hpc-sdk/2024_24.1/Linux_x86_64/24.1/comm_libs/12.3/hpcx/hpcx-2.17.1/ompi/include/openmpi/opal/mca/event/libevent2022/libevent -I/home/cme213/software/nvidia-hpc-sdk/2024_24.1/Linux_x86_64/24.1/comm_libs/12.3/hpcx/hpcx-2.17.1/ompi/include/openmpi/opal/mca/event/libevent2022/libevent/include -Xcompiler -pthread -Xcompiler -fopenmp -DUSE_NCCL -I/home/cme213/software/nvidia-hpc-sdk/2024_24.1/Linux_x86_64/24.1/comm_libs/12.3/nccl/include -x cu -c src/data/dataset.cpp -o build_mpi_weak_h256_88902/data/dataset.o
nvcc -arch=sm_75 -std=c++17 -O2 -Iinclude --default-stream per-thread -I/home/cme213/software/nvidia-hpc-sdk/2024_24.1/Linux_x86_64/24.1/math_libs/12.3/targets/x86_64-linux/include  -DHIDDEN_DIM=256 -DFF_DIM=1024 -DHEAD_DIM=64 -DBATCH_SIZE=32 -DUSE_MPI -I/home/cme213/software/nvidia-hpc-sdk/2024_24.1/Linux_x86_64/24.1/comm_libs/12.3/hpcx/hpcx-2.17.1/ompi/include -I/home/cme213/software/nvidia-hpc-sdk/2024_24.1/Linux_x86_64/24.1/comm_libs/12.3/hpcx/hpcx-2.17.1/ompi/include/openmpi -I/home/cme213/software/nvidia-hpc-sdk/2024_24.1/Linux_x86_64/24.1/comm_libs/12.3/hpcx/hpcx-2.17.1/ompi/include/openmpi/opal/mca/hwloc/hwloc201/hwloc/include -I/home/cme213/software/nvidia-hpc-sdk/2024_24.1/Linux_x86_64/24.1/comm_libs/12.3/hpcx/hpcx-2.17.1/ompi/include/openmpi/opal/mca/event/libevent2022/libevent -I/home/cme213/software/nvidia-hpc-sdk/2024_24.1/Linux_x86_64/24.1/comm_libs/12.3/hpcx/hpcx-2.17.1/ompi/include/openmpi/opal/mca/event/libevent2022/libevent/include -Xcompiler -pthread -Xcompiler -fopenmp -DUSE_NCCL -I/home/cme213/software/nvidia-hpc-sdk/2024_24.1/Linux_x86_64/24.1/comm_libs/12.3/nccl/include -x cu -c src/model/distributed.cpp -o build_mpi_weak_h256_88902/model/distributed.o
mpicxx -o build_mpi_weak_h256_88902/train_mpi build_mpi_weak_h256_88902/kernels/gemm.o build_mpi_weak_h256_88902/kernels/attention.o build_mpi_weak_h256_88902/kernels/layernorm.o build_mpi_weak_h256_88902/kernels/activations.o build_mpi_weak_h256_88902/kernels/embedding.o build_mpi_weak_h256_88902/model/transformer.o build_mpi_weak_h256_88902/main.o build_mpi_weak_h256_88902/data/dataset.o build_mpi_weak_h256_88902/model/distributed.o -pthread -L/home/cme213/software/nvidia-hpc-sdk/2024_24.1/Linux_x86_64/24.1/comm_libs/12.3/hpcx/hpcx-2.17.1/ompi/lib -Wl,-rpath -Wl,/home/cme213/software/nvidia-hpc-sdk/2024_24.1/Linux_x86_64/24.1/comm_libs/12.3/hpcx/hpcx-2.17.1/ompi/lib -Wl,--enable-new-dtags -lmpi -L/home/cme213/software/nvidia-hpc-sdk/2024_24.1/Linux_x86_64/24.1/REDIST/cuda/12.3/targets/x86_64-linux/lib -lcudart \
    -L/home/cme213/software/nvidia-hpc-sdk/2024_24.1/Linux_x86_64/24.1/math_libs/12.3/targets/x86_64-linux/lib -Wl,-rpath,/home/cme213/software/nvidia-hpc-sdk/2024_24.1/Linux_x86_64/24.1/math_libs/12.3/targets/x86_64-linux/lib -lcublas -lcublasLt \
    -L/home/cme213/software/nvidia-hpc-sdk/2024_24.1/Linux_x86_64/24.1/comm_libs/12.3/nccl/lib -Xlinker -rpath -Xlinker /home/cme213/software/nvidia-hpc-sdk/2024_24.1/Linux_x86_64/24.1/comm_libs/12.3/nccl/lib -lnccl  -fopenmp
=== weak hidden=256 ranks=1 local_batch=32 total_batch=32 backend=openmp_thread sync_variant=openmp_thread bucket_kb=1024 repeat=1 steps=50 lr=1e-4 ===
MPI: 1 processes, 4 GPUs per node
MPI gradient backend: CUDA-aware direct device buffers
MPI gradient averaging: post-allreduce scale kernels
MPI thread level provided: 3 (MPI_THREAD_MULTIPLE)
MPI OpenMP comm thread: disabled
CME213 environment:
  CME213_COMM_THREAD=1
  CME213_CUDA_AWARE_MPI=1
  GEMM requested=auto auto_policy=auto:cublas_tc_current_clean_benchmark
Vocabulary size: 65
Dataset: 1115394 tokens, vocab_size=65, seq_len=64, batch_size=32
Model: vocab=65 seq=64 hidden=256 heads=4 ff=1024 batch=32
Parameters: 838400 (3275.00 KB)
Training: epochs=1 lr=1.00e-04 max_steps=50 world_size=1 sync_mode=overlap effective_sync=blocking bucket_kb=1024 auto_overlap_max_mb=8.0
Gradient averaging: post_allreduce
Batches: total=536 local_per_rank=536 used_per_epoch=50 dropped=0
  epoch 1 | step   50/50 | loss 3.2001
Epoch 1: avg_logged_loss=3.2001  steps/rank=50  361ms  283402 tok/s  avg_grad_sync=0.000ms  checksum_span=0.000e+00
=== weak hidden=256 ranks=2 local_batch=32 total_batch=64 backend=openmp_thread sync_variant=openmp_thread bucket_kb=1024 repeat=1 steps=50 lr=1e-4 ===
MPI: 2 processes, 4 GPUs per node
MPI gradient backend: CUDA-aware direct device buffers
MPI gradient averaging: post-allreduce scale kernels
MPI thread level provided: 3 (MPI_THREAD_MULTIPLE)
MPI OpenMP comm thread: enabled
CME213 environment:
  CME213_COMM_THREAD=1
  CME213_CUDA_AWARE_MPI=1
  GEMM requested=auto auto_policy=auto:cublas_tc_current_clean_benchmark
Vocabulary size: 65
Dataset: 1115394 tokens, vocab_size=65, seq_len=64, batch_size=32
Model: vocab=65 seq=64 hidden=256 heads=4 ff=1024 batch=32
Parameters: 838400 (3275.00 KB)
Training: epochs=1 lr=1.00e-04 max_steps=50 world_size=2 sync_mode=overlap effective_sync=overlap bucket_kb=1024 auto_overlap_max_mb=8.0
Gradient averaging: post_allreduce
Batches: total=536 local_per_rank=268 used_per_epoch=50 dropped=0
  epoch 1 | step   50/50 | loss 3.3548
Epoch 1: avg_logged_loss=3.3548  steps/rank=50  179ms  1145517 tok/s  avg_grad_start=0.010ms  avg_grad_finish=2.677ms  checksum_span=2.862e-06
=== weak hidden=256 ranks=4 local_batch=32 total_batch=128 backend=openmp_thread sync_variant=openmp_thread bucket_kb=1024 repeat=1 steps=50 lr=1e-4 ===
MPI: 4 processes, 4 GPUs per node
MPI gradient backend: CUDA-aware direct device buffers
MPI gradient averaging: post-allreduce scale kernels
MPI thread level provided: 3 (MPI_THREAD_MULTIPLE)
MPI OpenMP comm thread: enabled
CME213 environment:
  CME213_COMM_THREAD=1
  CME213_CUDA_AWARE_MPI=1
  GEMM requested=auto auto_policy=auto:cublas_tc_current_clean_benchmark
Vocabulary size: 65
Dataset: 1115394 tokens, vocab_size=65, seq_len=64, batch_size=32
Model: vocab=65 seq=64 hidden=256 heads=4 ff=1024 batch=32
Parameters: 838400 (3275.00 KB)
Training: epochs=1 lr=1.00e-04 max_steps=50 world_size=4 sync_mode=overlap effective_sync=overlap bucket_kb=1024 auto_overlap_max_mb=8.0
Gradient averaging: post_allreduce
Batches: total=536 local_per_rank=134 used_per_epoch=50 dropped=0
  epoch 1 | step   50/50 | loss 3.1800
Epoch 1: avg_logged_loss=3.1800  steps/rank=50  195ms  2103902 tok/s  avg_grad_start=0.010ms  avg_grad_finish=2.923ms  checksum_span=1.829e-06
=== weak hidden=256 ranks=1 local_batch=32 total_batch=32 backend=openmp_thread sync_variant=openmp_thread bucket_kb=1024 repeat=2 steps=50 lr=1e-4 ===
MPI: 1 processes, 4 GPUs per node
MPI gradient backend: CUDA-aware direct device buffers
MPI gradient averaging: post-allreduce scale kernels
MPI thread level provided: 3 (MPI_THREAD_MULTIPLE)
MPI OpenMP comm thread: disabled
CME213 environment:
  CME213_COMM_THREAD=1
  CME213_CUDA_AWARE_MPI=1
  GEMM requested=auto auto_policy=auto:cublas_tc_current_clean_benchmark
Vocabulary size: 65
Dataset: 1115394 tokens, vocab_size=65, seq_len=64, batch_size=32
Model: vocab=65 seq=64 hidden=256 heads=4 ff=1024 batch=32
Parameters: 838400 (3275.00 KB)
Training: epochs=1 lr=1.00e-04 max_steps=50 world_size=1 sync_mode=overlap effective_sync=blocking bucket_kb=1024 auto_overlap_max_mb=8.0
Gradient averaging: post_allreduce
Batches: total=536 local_per_rank=536 used_per_epoch=50 dropped=0
  epoch 1 | step   50/50 | loss 3.1971
Epoch 1: avg_logged_loss=3.1971  steps/rank=50  78ms  1318505 tok/s  avg_grad_sync=0.000ms  checksum_span=0.000e+00
=== weak hidden=256 ranks=2 local_batch=32 total_batch=64 backend=openmp_thread sync_variant=openmp_thread bucket_kb=1024 repeat=2 steps=50 lr=1e-4 ===
MPI: 2 processes, 4 GPUs per node
MPI gradient backend: CUDA-aware direct device buffers
MPI gradient averaging: post-allreduce scale kernels
MPI thread level provided: 3 (MPI_THREAD_MULTIPLE)
MPI OpenMP comm thread: enabled
CME213 environment:
  CME213_COMM_THREAD=1
  CME213_CUDA_AWARE_MPI=1
  GEMM requested=auto auto_policy=auto:cublas_tc_current_clean_benchmark
Vocabulary size: 65
Dataset: 1115394 tokens, vocab_size=65, seq_len=64, batch_size=32
Model: vocab=65 seq=64 hidden=256 heads=4 ff=1024 batch=32
Parameters: 838400 (3275.00 KB)
Training: epochs=1 lr=1.00e-04 max_steps=50 world_size=2 sync_mode=overlap effective_sync=overlap bucket_kb=1024 auto_overlap_max_mb=8.0
Gradient averaging: post_allreduce
Batches: total=536 local_per_rank=268 used_per_epoch=50 dropped=0
  epoch 1 | step   50/50 | loss 3.3596
Epoch 1: avg_logged_loss=3.3596  steps/rank=50  180ms  1136256 tok/s  avg_grad_start=0.010ms  avg_grad_finish=2.701ms  checksum_span=5.373e-06
=== weak hidden=256 ranks=4 local_batch=32 total_batch=128 backend=openmp_thread sync_variant=openmp_thread bucket_kb=1024 repeat=2 steps=50 lr=1e-4 ===
MPI: 4 processes, 4 GPUs per node
MPI gradient backend: CUDA-aware direct device buffers
MPI gradient averaging: post-allreduce scale kernels
MPI thread level provided: 3 (MPI_THREAD_MULTIPLE)
MPI OpenMP comm thread: enabled
CME213 environment:
  CME213_COMM_THREAD=1
  CME213_CUDA_AWARE_MPI=1
  GEMM requested=auto auto_policy=auto:cublas_tc_current_clean_benchmark
Vocabulary size: 65
Dataset: 1115394 tokens, vocab_size=65, seq_len=64, batch_size=32
Model: vocab=65 seq=64 hidden=256 heads=4 ff=1024 batch=32
Parameters: 838400 (3275.00 KB)
Training: epochs=1 lr=1.00e-04 max_steps=50 world_size=4 sync_mode=overlap effective_sync=overlap bucket_kb=1024 auto_overlap_max_mb=8.0
Gradient averaging: post_allreduce
Batches: total=536 local_per_rank=134 used_per_epoch=50 dropped=0
  epoch 1 | step   50/50 | loss 3.1883
Epoch 1: avg_logged_loss=3.1883  steps/rank=50  194ms  2109057 tok/s  avg_grad_start=0.010ms  avg_grad_finish=2.910ms  checksum_span=4.256e-06
=== weak hidden=256 ranks=1 local_batch=32 total_batch=32 backend=openmp_thread sync_variant=openmp_thread bucket_kb=1024 repeat=3 steps=50 lr=1e-4 ===
MPI: 1 processes, 4 GPUs per node
MPI gradient backend: CUDA-aware direct device buffers
MPI gradient averaging: post-allreduce scale kernels
MPI thread level provided: 3 (MPI_THREAD_MULTIPLE)
MPI OpenMP comm thread: disabled
CME213 environment:
  CME213_COMM_THREAD=1
  CME213_CUDA_AWARE_MPI=1
  GEMM requested=auto auto_policy=auto:cublas_tc_current_clean_benchmark
Vocabulary size: 65
Dataset: 1115394 tokens, vocab_size=65, seq_len=64, batch_size=32
Model: vocab=65 seq=64 hidden=256 heads=4 ff=1024 batch=32
Parameters: 838400 (3275.00 KB)
Training: epochs=1 lr=1.00e-04 max_steps=50 world_size=1 sync_mode=overlap effective_sync=blocking bucket_kb=1024 auto_overlap_max_mb=8.0
Gradient averaging: post_allreduce
Batches: total=536 local_per_rank=536 used_per_epoch=50 dropped=0
  epoch 1 | step   50/50 | loss 3.1772
Epoch 1: avg_logged_loss=3.1772  steps/rank=50  78ms  1316378 tok/s  avg_grad_sync=0.000ms  checksum_span=0.000e+00
=== weak hidden=256 ranks=2 local_batch=32 total_batch=64 backend=openmp_thread sync_variant=openmp_thread bucket_kb=1024 repeat=3 steps=50 lr=1e-4 ===
MPI: 2 processes, 4 GPUs per node
MPI gradient backend: CUDA-aware direct device buffers
MPI gradient averaging: post-allreduce scale kernels
MPI thread level provided: 3 (MPI_THREAD_MULTIPLE)
MPI OpenMP comm thread: enabled
CME213 environment:
  CME213_COMM_THREAD=1
  CME213_CUDA_AWARE_MPI=1
  GEMM requested=auto auto_policy=auto:cublas_tc_current_clean_benchmark
Vocabulary size: 65
Dataset: 1115394 tokens, vocab_size=65, seq_len=64, batch_size=32
Model: vocab=65 seq=64 hidden=256 heads=4 ff=1024 batch=32
Parameters: 838400 (3275.00 KB)
Training: epochs=1 lr=1.00e-04 max_steps=50 world_size=2 sync_mode=overlap effective_sync=overlap bucket_kb=1024 auto_overlap_max_mb=8.0
Gradient averaging: post_allreduce
Batches: total=536 local_per_rank=268 used_per_epoch=50 dropped=0
  epoch 1 | step   50/50 | loss 3.3422
Epoch 1: avg_logged_loss=3.3422  steps/rank=50  180ms  1136793 tok/s  avg_grad_start=0.010ms  avg_grad_finish=2.700ms  checksum_span=7.373e-07
=== weak hidden=256 ranks=4 local_batch=32 total_batch=128 backend=openmp_thread sync_variant=openmp_thread bucket_kb=1024 repeat=3 steps=50 lr=1e-4 ===
MPI: 4 processes, 4 GPUs per node
MPI gradient backend: CUDA-aware direct device buffers
MPI gradient averaging: post-allreduce scale kernels
MPI thread level provided: 3 (MPI_THREAD_MULTIPLE)
MPI OpenMP comm thread: enabled
CME213 environment:
  CME213_COMM_THREAD=1
  CME213_CUDA_AWARE_MPI=1
  GEMM requested=auto auto_policy=auto:cublas_tc_current_clean_benchmark
Vocabulary size: 65
Dataset: 1115394 tokens, vocab_size=65, seq_len=64, batch_size=32
Model: vocab=65 seq=64 hidden=256 heads=4 ff=1024 batch=32
Parameters: 838400 (3275.00 KB)
Training: epochs=1 lr=1.00e-04 max_steps=50 world_size=4 sync_mode=overlap effective_sync=overlap bucket_kb=1024 auto_overlap_max_mb=8.0
Gradient averaging: post_allreduce
Batches: total=536 local_per_rank=134 used_per_epoch=50 dropped=0
  epoch 1 | step   50/50 | loss 3.1803
Epoch 1: avg_logged_loss=3.1803  steps/rank=50  194ms  2108976 tok/s  avg_grad_start=0.010ms  avg_grad_finish=2.909ms  checksum_span=6.023e-06
=== weak hidden=256 ranks=1 local_batch=32 total_batch=32 backend=openmp_thread sync_variant=openmp_thread bucket_kb=1024 repeat=4 steps=50 lr=1e-4 ===
MPI: 1 processes, 4 GPUs per node
MPI gradient backend: CUDA-aware direct device buffers
MPI gradient averaging: post-allreduce scale kernels
MPI thread level provided: 3 (MPI_THREAD_MULTIPLE)
MPI OpenMP comm thread: disabled
CME213 environment:
  CME213_COMM_THREAD=1
  CME213_CUDA_AWARE_MPI=1
  GEMM requested=auto auto_policy=auto:cublas_tc_current_clean_benchmark
Vocabulary size: 65
Dataset: 1115394 tokens, vocab_size=65, seq_len=64, batch_size=32
Model: vocab=65 seq=64 hidden=256 heads=4 ff=1024 batch=32
Parameters: 838400 (3275.00 KB)
Training: epochs=1 lr=1.00e-04 max_steps=50 world_size=1 sync_mode=overlap effective_sync=blocking bucket_kb=1024 auto_overlap_max_mb=8.0
Gradient averaging: post_allreduce
Batches: total=536 local_per_rank=536 used_per_epoch=50 dropped=0
  epoch 1 | step   50/50 | loss 3.1978
Epoch 1: avg_logged_loss=3.1978  steps/rank=50  78ms  1321009 tok/s  avg_grad_sync=0.000ms  checksum_span=0.000e+00
=== weak hidden=256 ranks=2 local_batch=32 total_batch=64 backend=openmp_thread sync_variant=openmp_thread bucket_kb=1024 repeat=4 steps=50 lr=1e-4 ===
MPI: 2 processes, 4 GPUs per node
MPI gradient backend: CUDA-aware direct device buffers
MPI gradient averaging: post-allreduce scale kernels
MPI thread level provided: 3 (MPI_THREAD_MULTIPLE)
MPI OpenMP comm thread: enabled
CME213 environment:
  CME213_COMM_THREAD=1
  CME213_CUDA_AWARE_MPI=1
  GEMM requested=auto auto_policy=auto:cublas_tc_current_clean_benchmark
Vocabulary size: 65
Dataset: 1115394 tokens, vocab_size=65, seq_len=64, batch_size=32
Model: vocab=65 seq=64 hidden=256 heads=4 ff=1024 batch=32
Parameters: 838400 (3275.00 KB)
Training: epochs=1 lr=1.00e-04 max_steps=50 world_size=2 sync_mode=overlap effective_sync=overlap bucket_kb=1024 auto_overlap_max_mb=8.0
Gradient averaging: post_allreduce
Batches: total=536 local_per_rank=268 used_per_epoch=50 dropped=0
  epoch 1 | step   50/50 | loss 3.3448
Epoch 1: avg_logged_loss=3.3448  steps/rank=50  179ms  1141667 tok/s  avg_grad_start=0.010ms  avg_grad_finish=2.696ms  checksum_span=2.882e-06
=== weak hidden=256 ranks=4 local_batch=32 total_batch=128 backend=openmp_thread sync_variant=openmp_thread bucket_kb=1024 repeat=4 steps=50 lr=1e-4 ===
MPI: 4 processes, 4 GPUs per node
MPI gradient backend: CUDA-aware direct device buffers
MPI gradient averaging: post-allreduce scale kernels
MPI thread level provided: 3 (MPI_THREAD_MULTIPLE)
MPI OpenMP comm thread: enabled
CME213 environment:
  CME213_COMM_THREAD=1
  CME213_CUDA_AWARE_MPI=1
  GEMM requested=auto auto_policy=auto:cublas_tc_current_clean_benchmark
Vocabulary size: 65
Dataset: 1115394 tokens, vocab_size=65, seq_len=64, batch_size=32
Model: vocab=65 seq=64 hidden=256 heads=4 ff=1024 batch=32
Parameters: 838400 (3275.00 KB)
Training: epochs=1 lr=1.00e-04 max_steps=50 world_size=4 sync_mode=overlap effective_sync=overlap bucket_kb=1024 auto_overlap_max_mb=8.0
Gradient averaging: post_allreduce
Batches: total=536 local_per_rank=134 used_per_epoch=50 dropped=0
  epoch 1 | step   50/50 | loss 3.1781
Epoch 1: avg_logged_loss=3.1781  steps/rank=50  196ms  2093883 tok/s  avg_grad_start=0.010ms  avg_grad_finish=2.930ms  checksum_span=4.010e-06
=== weak hidden=256 ranks=1 local_batch=32 total_batch=32 backend=openmp_thread sync_variant=openmp_thread bucket_kb=1024 repeat=5 steps=50 lr=1e-4 ===
MPI: 1 processes, 4 GPUs per node
MPI gradient backend: CUDA-aware direct device buffers
MPI gradient averaging: post-allreduce scale kernels
MPI thread level provided: 3 (MPI_THREAD_MULTIPLE)
MPI OpenMP comm thread: disabled
CME213 environment:
  CME213_COMM_THREAD=1
  CME213_CUDA_AWARE_MPI=1
  GEMM requested=auto auto_policy=auto:cublas_tc_current_clean_benchmark
Vocabulary size: 65
Dataset: 1115394 tokens, vocab_size=65, seq_len=64, batch_size=32
Model: vocab=65 seq=64 hidden=256 heads=4 ff=1024 batch=32
Parameters: 838400 (3275.00 KB)
Training: epochs=1 lr=1.00e-04 max_steps=50 world_size=1 sync_mode=overlap effective_sync=blocking bucket_kb=1024 auto_overlap_max_mb=8.0
Gradient averaging: post_allreduce
Batches: total=536 local_per_rank=536 used_per_epoch=50 dropped=0
  epoch 1 | step   50/50 | loss 3.1960
Epoch 1: avg_logged_loss=3.1960  steps/rank=50  77ms  1324802 tok/s  avg_grad_sync=0.000ms  checksum_span=0.000e+00
=== weak hidden=256 ranks=2 local_batch=32 total_batch=64 backend=openmp_thread sync_variant=openmp_thread bucket_kb=1024 repeat=5 steps=50 lr=1e-4 ===
MPI: 2 processes, 4 GPUs per node
MPI gradient backend: CUDA-aware direct device buffers
MPI gradient averaging: post-allreduce scale kernels
MPI thread level provided: 3 (MPI_THREAD_MULTIPLE)
MPI OpenMP comm thread: enabled
CME213 environment:
  CME213_COMM_THREAD=1
  CME213_CUDA_AWARE_MPI=1
  GEMM requested=auto auto_policy=auto:cublas_tc_current_clean_benchmark
Vocabulary size: 65
Dataset: 1115394 tokens, vocab_size=65, seq_len=64, batch_size=32
Model: vocab=65 seq=64 hidden=256 heads=4 ff=1024 batch=32
Parameters: 838400 (3275.00 KB)
Training: epochs=1 lr=1.00e-04 max_steps=50 world_size=2 sync_mode=overlap effective_sync=overlap bucket_kb=1024 auto_overlap_max_mb=8.0
Gradient averaging: post_allreduce
Batches: total=536 local_per_rank=268 used_per_epoch=50 dropped=0
  epoch 1 | step   50/50 | loss 3.3389
Epoch 1: avg_logged_loss=3.3389  steps/rank=50  180ms  1137504 tok/s  avg_grad_start=0.010ms  avg_grad_finish=2.701ms  checksum_span=2.611e-06
=== weak hidden=256 ranks=4 local_batch=32 total_batch=128 backend=openmp_thread sync_variant=openmp_thread bucket_kb=1024 repeat=5 steps=50 lr=1e-4 ===
MPI: 4 processes, 4 GPUs per node
MPI gradient backend: CUDA-aware direct device buffers
MPI gradient averaging: post-allreduce scale kernels
MPI thread level provided: 3 (MPI_THREAD_MULTIPLE)
MPI OpenMP comm thread: enabled
CME213 environment:
  CME213_COMM_THREAD=1
  CME213_CUDA_AWARE_MPI=1
  GEMM requested=auto auto_policy=auto:cublas_tc_current_clean_benchmark
Vocabulary size: 65
Dataset: 1115394 tokens, vocab_size=65, seq_len=64, batch_size=32
Model: vocab=65 seq=64 hidden=256 heads=4 ff=1024 batch=32
Parameters: 838400 (3275.00 KB)
Training: epochs=1 lr=1.00e-04 max_steps=50 world_size=4 sync_mode=overlap effective_sync=overlap bucket_kb=1024 auto_overlap_max_mb=8.0
Gradient averaging: post_allreduce
Batches: total=536 local_per_rank=134 used_per_epoch=50 dropped=0
  epoch 1 | step   50/50 | loss 3.1908
Epoch 1: avg_logged_loss=3.1908  steps/rank=50  196ms  2094538 tok/s  avg_grad_start=0.010ms  avg_grad_finish=2.922ms  checksum_span=3.093e-06
=== GPU state: end ===
index, name, temperature.gpu, clocks.current.sm [MHz], clocks.current.memory [MHz], power.draw [W], utilization.gpu [%], memory.used [MiB]
0, Quadro RTX 6000, 45, 300 MHz, 405 MHz, 32.60 W, 0 %, 0 MiB
1, Quadro RTX 6000, 47, 300 MHz, 405 MHz, 30.74 W, 0 %, 0 MiB
2, Quadro RTX 6000, 41, 300 MHz, 405 MHz, 21.11 W, 0 %, 0 MiB
3, Quadro RTX 6000, 39, 360 MHz, 405 MHz, 30.05 W, 0 %, 0 MiB
=== Summarize ===
Wrote results/weak_scaling_88902.csv
Wrote results/weak_scaling_summary_88902.csv
=== DONE job=88902 status=0 ===
