=== Environment ===
hpcc-gpu-5-2
0, Quadro RTX 6000, 23040 MiB
1, Quadro RTX 6000, 23040 MiB
2, Quadro RTX 6000, 23040 MiB
3, Quadro RTX 6000, 23040 MiB
=== GPU state: start ===
index, name, temperature.gpu, clocks.current.sm [MHz], clocks.current.memory [MHz], power.draw [W], utilization.gpu [%], memory.used [MiB]
0, Quadro RTX 6000, 34, 300 MHz, 405 MHz, 6.32 W, 0 %, 0 MiB
1, Quadro RTX 6000, 37, 300 MHz, 405 MHz, 6.56 W, 0 %, 0 MiB
2, Quadro RTX 6000, 34, 300 MHz, 405 MHz, 5.62 W, 0 %, 0 MiB
3, Quadro RTX 6000, 31, 300 MHz, 405 MHz, 16.50 W, 0 %, 0 MiB
=== Build default trainer, tests, and MPI ===
- make all tests mpi: PASS
  nvcc -arch=sm_75 -std=c++17 -O2 -Iinclude --default-stream per-thread -I/home/cme213/software/nvidia-hpc-sdk/2024_24.1/Linux_x86_64/24.1/math_libs/12.3/targets/x86_64-linux/include   -c src/main.cu -o build/main.o
  nvcc -arch=sm_75 -std=c++17 -O2 -Iinclude --default-stream per-thread -I/home/cme213/software/nvidia-hpc-sdk/2024_24.1/Linux_x86_64/24.1/math_libs/12.3/targets/x86_64-linux/include   -x cu -c src/data/dataset.cpp -o build/data/dataset.o
  nvcc -arch=sm_75 -std=c++17 -O2 -Iinclude --default-stream per-thread -I/home/cme213/software/nvidia-hpc-sdk/2024_24.1/Linux_x86_64/24.1/math_libs/12.3/targets/x86_64-linux/include   -o build/train build/kernels/gemm.o build/kernels/attention.o build/kernels/layernorm.o build/kernels/activations.o build/kernels/embedding.o build/model/transformer.o build/main.o build/data/dataset.o build/model/distributed.o -L/home/cme213/software/nvidia-hpc-sdk/2024_24.1/Linux_x86_64/24.1/math_libs/12.3/targets/x86_64-linux/lib -Xlinker -rpath=/home/cme213/software/nvidia-hpc-sdk/2024_24.1/Linux_x86_64/24.1/math_libs/12.3/targets/x86_64-linux/lib -lcublas -lcublasLt 

=== test_gemm ===
- test_gemm: PASS
    naive:  0.200 ms (1344.5 GFLOP/s)
    tiled:  0.023 ms (11890.3 GFLOP/s)  speedup: 8.84x
  

=== test_attention ===
- test_attention: PASS
    tiled  max error: 7.450581e-08  PASS
    naive:  0.0407 ms
    tiled:  0.1261 ms  speedup: 0.32x

=== test_layernorm ===
- test_layernorm: PASS
  rows=2048, cols=128
    max error: 7.152557e-07  PASS
    time: 0.0070 ms  effective bandwidth: 301.2 GB/s

=== test_model_reference custom ===
- test_model_reference custom: PASS
    adam first-step clip_scale=1.000000 max_update_err=1.812e-09 PASS
  
  === MODEL REFERENCE TEST PASSED ===

=== test_model_reference cublas ===
- test_model_reference cublas: PASS
    adam first-step clip_scale=1.000000 max_update_err=1.812e-09 PASS
  
  === MODEL REFERENCE TEST PASSED ===

=== test_model_reference cublas_tc ===
- test_model_reference cublas_tc: PASS
    adam first-step clip_scale=1.000000 max_update_err=1.812e-09 PASS
  
  === MODEL REFERENCE TEST PASSED ===

=== test_model_reference cublas_tc_lt ===
- test_model_reference cublas_tc_lt: PASS
    adam first-step clip_scale=1.000000 max_update_err=1.812e-09 PASS
  
  === MODEL REFERENCE TEST PASSED ===

=== single_gpu_smoke default_auto ===
- single_gpu_smoke default_auto: PASS
  Batches: total=536 local_per_rank=536 used_per_epoch=5 dropped=0
    epoch 1 | step    5/5 | loss 4.1608
  Epoch 1: avg_logged_loss=4.1608  steps/rank=5  25ms  411447 tok/s

=== single_gpu_smoke cublas_tc ===
- single_gpu_smoke cublas_tc: PASS
  Batches: total=536 local_per_rank=536 used_per_epoch=5 dropped=0
    epoch 1 | step    5/5 | loss 4.1608
  Epoch 1: avg_logged_loss=4.1608  steps/rank=5  28ms  367073 tok/s

=== train_validate_config ===
- train_validate_config: PASS
    (none set)
    GEMM requested=auto auto_policy=auto:cublas_tc_current_clean_benchmark
  Configuration validation: PASS

=== mpi_4_blocking_direct_smoke ===
- mpi_4_blocking_direct_smoke: PASS
  Batches: total=536 local_per_rank=134 used_per_epoch=5 dropped=0
    epoch 1 | step    5/5 | loss 4.1611
  Epoch 1: avg_logged_loss=4.1611  steps/rank=5  45ms  908036 tok/s  avg_grad_sync=1.936ms  checksum_span=0.000e+00

=== mpi_4_overlap_pinned_smoke ===
- mpi_4_overlap_pinned_smoke: PASS
  Batches: total=536 local_per_rank=134 used_per_epoch=5 dropped=0
    epoch 1 | step    5/5 | loss 4.1611
  Epoch 1: avg_logged_loss=4.1611  steps/rank=5  45ms  902958 tok/s  avg_grad_start=0.034ms  avg_grad_finish=2.046ms  checksum_span=0.000e+00

=== GPU state: end ===
index, name, temperature.gpu, clocks.current.sm [MHz], clocks.current.memory [MHz], power.draw [W], utilization.gpu [%], memory.used [MiB]
0, Quadro RTX 6000, 43, 1950 MHz, 6500 MHz, 81.29 W, 2 %, 0 MiB
1, Quadro RTX 6000, 39, 1935 MHz, 6500 MHz, 77.42 W, 2 %, 0 MiB
2, Quadro RTX 6000, 41, 1965 MHz, 6500 MHz, 83.57 W, 2 %, 0 MiB
3, Quadro RTX 6000, 36, 1995 MHz, 6500 MHz, 89.96 W, 0 %, 0 MiB
Summary written: results/correctness_matrix_85267.md
